<?xml version="1.0" encoding="UTF-8" ?>
<testsuite failures="0" time="0.004" errors="0" skipped="0" tests="9" name="com.cucumber.ShopTest.RunnerTest">
  <properties>
[...]
</properties>
  <testcase time="0.004" classname="| maxwell174@gmail.com | password123 |" name="Given I am on the Home page"/>
  <testcase time="0" classname="| maxwell174@gmail.com | password123 |" name="When click my Account button"/>
  <testcase time="0" classname="| maxwell174@gmail.com | password123 |" name="Then I see a welcome message"/>
  <testcase time="0" classname="| maxwell174@gmail.com | password123 |" name="When I enter maxwell174@gmail.com in email field"/>
  <testcase time="0" classname="| maxwell174@gmail.com | password123 |" name="And I enter password123 in password field"/>
  <testcase time="0" classname="| maxwell174@gmail.com | password123 |" name="And I click Login button"/>
  <testcase time="0" classname="| maxwell174@gmail.com | password123 |" name="Then I am logged in"/>
  <testcase time="0" classname="| maxwell174@gmail.com | password123 |" name="And I log out"/>
  <testcase time="0" classname="| maxwell174@gmail.com | password123 |" name="| maxwell174@gmail.com | password123 |"/>
</testsuite>